<?xml version="1.0" encoding="UTF-8"?>
<coverage generated="1625230948164" clover="3.2.0">
  <project timestamp="1625230948165" name="All files">
    <metrics statements="36" coveredstatements="33" conditionals="11" coveredconditionals="8" methods="5" coveredmethods="5" elements="52" coveredelements="46" complexity="0" loc="36" ncloc="36" packages="2" files="2" classes="2"/>
    <package name="bcrypt-adapter">
      <metrics statements="21" coveredstatements="19" conditionals="7" coveredconditionals="5" methods="3" coveredmethods="3"/>
      <file name="bcrypt-adapter.ts" path="/home/guto/Documentos/codes/cursos/manguinho/clean-node-api/src/infra/criptography/bcrypt-adapter/bcrypt-adapter.ts">
        <metrics statements="21" coveredstatements="19" conditionals="7" coveredconditionals="5" methods="3" coveredmethods="3"/>
        <line num="1" count="1" type="stmt"/>
        <line num="2" count="1" type="stmt"/>
        <line num="3" count="1" type="stmt"/>
        <line num="4" count="1" type="stmt"/>
        <line num="5" count="1" type="stmt"/>
        <line num="6" count="1" type="stmt"/>
        <line num="7" count="1" type="stmt"/>
        <line num="8" count="1" type="cond" truecount="1" falsecount="0"/>
        <line num="9" count="7" type="stmt"/>
        <line num="10" count="7" type="stmt"/>
        <line num="11" count="1" type="stmt"/>
        <line num="12" count="1" type="cond" truecount="1" falsecount="0"/>
        <line num="13" count="3" type="stmt"/>
        <line num="14" count="2" type="cond" truecount="1" falsecount="0"/>
        <line num="15" count="0" type="cond" truecount="0" falsecount="1"/>
        <line num="16" count="1" type="stmt"/>
        <line num="17" count="1" type="cond" truecount="1" falsecount="0"/>
        <line num="18" count="4" type="stmt"/>
        <line num="19" count="3" type="cond" truecount="1" falsecount="0"/>
        <line num="20" count="0" type="cond" truecount="0" falsecount="1"/>
        <line num="21" count="1" type="stmt"/>
      </file>
    </package>
    <package name="jwt-adapter">
      <metrics statements="15" coveredstatements="14" conditionals="4" coveredconditionals="3" methods="2" coveredmethods="2"/>
      <file name="jwt-adapter.ts" path="/home/guto/Documentos/codes/cursos/manguinho/clean-node-api/src/infra/criptography/jwt-adapter/jwt-adapter.ts">
        <metrics statements="15" coveredstatements="14" conditionals="4" coveredconditionals="3" methods="2" coveredmethods="2"/>
        <line num="1" count="1" type="stmt"/>
        <line num="2" count="1" type="stmt"/>
        <line num="3" count="1" type="stmt"/>
        <line num="4" count="1" type="stmt"/>
        <line num="5" count="1" type="stmt"/>
        <line num="6" count="1" type="stmt"/>
        <line num="7" count="1" type="cond" truecount="1" falsecount="0"/>
        <line num="8" count="3" type="stmt"/>
        <line num="9" count="3" type="stmt"/>
        <line num="10" count="1" type="stmt"/>
        <line num="11" count="1" type="cond" truecount="1" falsecount="0"/>
        <line num="12" count="3" type="stmt"/>
        <line num="13" count="2" type="cond" truecount="1" falsecount="0"/>
        <line num="14" count="0" type="cond" truecount="0" falsecount="1"/>
        <line num="15" count="1" type="stmt"/>
      </file>
    </package>
  </project>
</coverage>
