TN:
SF:src/presentation/controllers/login/login-protocols.ts
FN:1,(empty-report)
FNF:1
FNH:0
FNDA:0,(empty-report)
DA:1,0
DA:2,0
DA:3,0
LF:3
LH:0
BRDA:1,0,0,0
BRF:1
BRH:0
end_of_record
TN:
SF:src/presentation/controllers/login/login.ts
FN:9,LoginController
FN:14,handle
FNF:2
FNH:2
FNDA:8,LoginController
FNDA:8,handle
DA:1,1
DA:2,1
DA:3,1
DA:4,1
DA:5,1
DA:6,1
DA:7,1
DA:8,1
DA:9,1
DA:10,8
DA:11,8
DA:12,8
DA:13,1
DA:14,1
DA:15,8
DA:16,8
DA:17,8
DA:18,15
DA:19,2
DA:20,2
DA:21,15
DA:22,6
DA:23,6
DA:24,8
DA:25,1
DA:26,1
DA:27,4
DA:28,8
DA:29,1
DA:30,1
DA:31,8
DA:32,2
DA:33,2
DA:34,2
DA:35,1
LF:35
LH:35
BRDA:9,0,0,8
BRDA:14,1,0,8
BRDA:17,2,0,15
BRDA:18,3,0,2
BRDA:22,4,0,6
BRDA:24,5,0,1
BRDA:27,6,0,4
BRDA:28,7,0,3
BRDA:28,8,0,1
BRDA:31,9,0,2
BRF:10
BRH:10
end_of_record
TN:
SF:src/presentation/errors/index.ts
FNF:0
FNH:0
DA:1,1
DA:2,1
DA:3,1
DA:4,1
LF:4
LH:4
BRF:0
BRH:0
end_of_record
TN:
SF:src/presentation/helpers/http-helper.ts
FN:4,badRequest
FN:9,unauthorizedError
FN:14,serverError
FN:19,ok
FNF:4
FNH:4
FNDA:12,badRequest
FNDA:2,unauthorizedError
FNDA:4,serverError
FNDA:4,ok
DA:1,1
DA:2,1
DA:3,1
DA:4,1
DA:5,12
DA:6,12
DA:7,12
DA:8,1
DA:9,1
DA:10,2
DA:11,2
DA:12,2
DA:13,1
DA:14,1
DA:15,4
DA:16,4
DA:17,4
DA:18,1
DA:19,1
DA:20,4
DA:21,4
DA:22,4
LF:22
LH:22
BRDA:4,0,0,12
BRDA:9,1,0,2
BRDA:14,2,0,4
BRDA:19,3,0,4
BRF:4
BRH:4
end_of_record
